BeijingNews/BaiduMapsApiDemo/build/outputs/logs/manifest-merger-debug-report.txt
-- Merging decision tree log ---
manifest
ADDED from BeijingNews\BaiduMapsApiDemo\AndroidManifest.xml:3:1-241:12
	xmlns:android
		ADDED from BeijingNews\BaiduMapsApiDemo\AndroidManifest.xml:3:11-69
	package
		ADDED from BeijingNews\BaiduMapsApiDemo\AndroidManifest.xml:4:11-37
		INJECTED from BeijingNews\BaiduMapsApiDemo\AndroidManifest.xml
		INJECTED from BeijingNews\BaiduMapsApiDemo\AndroidManifest.xml
	android:versionName
		ADDED from BeijingNews\BaiduMapsApiDemo\AndroidManifest.xml:6:11-36
		INJECTED from BeijingNews\BaiduMapsApiDemo\AndroidManifest.xml
		INJECTED from BeijingNews\BaiduMapsApiDemo\AndroidManifest.xml
	android:versionCode
		ADDED from BeijingNews\BaiduMapsApiDemo\AndroidManifest.xml:5:11-34
		INJECTED from BeijingNews\BaiduMapsApiDemo\AndroidManifest.xml
		INJECTED from BeijingNews\BaiduMapsApiDemo\AndroidManifest.xml
uses-sdk
ADDED from BeijingNews\BaiduMapsApiDemo\AndroidManifest.xml:8:5-10:45
	android:targetSdkVersion
		ADDED from BeijingNews\BaiduMapsApiDemo\AndroidManifest.xml:10:13-42
		INJECTED from BeijingNews\BaiduMapsApiDemo\AndroidManifest.xml
		INJECTED from BeijingNews\BaiduMapsApiDemo\AndroidManifest.xml
	android:minSdkVersion
		ADDED from BeijingNews\BaiduMapsApiDemo\AndroidManifest.xml:9:13-38
		INJECTED from BeijingNews\BaiduMapsApiDemo\AndroidManifest.xml
		INJECTED from BeijingNews\BaiduMapsApiDemo\AndroidManifest.xml
uses-permission#com.android.launcher.permission.READ_SETTINGS
ADDED from BeijingNews\BaiduMapsApiDemo\AndroidManifest.xml:12:5-85
	android:name
		ADDED from BeijingNews\BaiduMapsApiDemo\AndroidManifest.xml:12:22-82
uses-permission#android.permission.ACCESS_COARSE_LOCATION
ADDED from BeijingNews\BaiduMapsApiDemo\AndroidManifest.xml:14:5-81
	android:name
		ADDED from BeijingNews\BaiduMapsApiDemo\AndroidManifest.xml:14:22-78
uses-permission#android.permission.ACCESS_FINE_LOCATION
ADDED from BeijingNews\BaiduMapsApiDemo\AndroidManifest.xml:16:5-79
	android:name
		ADDED from BeijingNews\BaiduMapsApiDemo\AndroidManifest.xml:16:22-76
uses-permission#android.permission.ACCESS_WIFI_STATE
ADDED from BeijingNews\BaiduMapsApiDemo\AndroidManifest.xml:18:5-76
	android:name
		ADDED from BeijingNews\BaiduMapsApiDemo\AndroidManifest.xml:18:22-73
uses-permission#android.permission.ACCESS_NETWORK_STATE
ADDED from BeijingNews\BaiduMapsApiDemo\AndroidManifest.xml:20:5-79
	android:name
		ADDED from BeijingNews\BaiduMapsApiDemo\AndroidManifest.xml:20:22-76
uses-permission#android.permission.READ_PHONE_STATE
ADDED from BeijingNews\BaiduMapsApiDemo\AndroidManifest.xml:22:5-75
	android:name
		ADDED from BeijingNews\BaiduMapsApiDemo\AndroidManifest.xml:22:22-72
uses-permission#android.permission.WRITE_EXTERNAL_STORAGE
ADDED from BeijingNews\BaiduMapsApiDemo\AndroidManifest.xml:24:5-81
	android:name
		ADDED from BeijingNews\BaiduMapsApiDemo\AndroidManifest.xml:24:22-78
uses-permission#android.permission.INTERNET
ADDED from BeijingNews\BaiduMapsApiDemo\AndroidManifest.xml:26:5-67
	android:name
		ADDED from BeijingNews\BaiduMapsApiDemo\AndroidManifest.xml:26:22-64
supports-screens
ADDED from BeijingNews\BaiduMapsApiDemo\AndroidManifest.xml:28:5-33:43
	android:resizeable
		ADDED from BeijingNews\BaiduMapsApiDemo\AndroidManifest.xml:32:13-38
	android:largeScreens
		ADDED from BeijingNews\BaiduMapsApiDemo\AndroidManifest.xml:30:13-40
	android:anyDensity
		ADDED from BeijingNews\BaiduMapsApiDemo\AndroidManifest.xml:29:13-38
	android:normalScreens
		ADDED from BeijingNews\BaiduMapsApiDemo\AndroidManifest.xml:31:13-42
	android:smallScreens
		ADDED from BeijingNews\BaiduMapsApiDemo\AndroidManifest.xml:33:13-40
application
ADDED from BeijingNews\BaiduMapsApiDemo\AndroidManifest.xml:36:5-239:19
	android:label
		ADDED from BeijingNews\BaiduMapsApiDemo\AndroidManifest.xml:39:13-45
	android:icon
		ADDED from BeijingNews\BaiduMapsApiDemo\AndroidManifest.xml:38:13-49
	android:hardwareAccelerated
		ADDED from BeijingNews\BaiduMapsApiDemo\AndroidManifest.xml:40:13-47
	android:name
		ADDED from BeijingNews\BaiduMapsApiDemo\AndroidManifest.xml:37:13-44
meta-data#com.baidu.lbsapi.API_KEY
ADDED from BeijingNews\BaiduMapsApiDemo\AndroidManifest.xml:41:9-43:64
	android:name
		ADDED from BeijingNews\BaiduMapsApiDemo\AndroidManifest.xml:42:13-52
	android:value
		ADDED from BeijingNews\BaiduMapsApiDemo\AndroidManifest.xml:43:13-61
activity#baidumapsdk.demo.BMapApiDemoMain
ADDED from BeijingNews\BaiduMapsApiDemo\AndroidManifest.xml:45:9-55:20
	android:screenOrientation
		ADDED from BeijingNews\BaiduMapsApiDemo\AndroidManifest.xml:49:17-53
	android:label
		ADDED from BeijingNews\BaiduMapsApiDemo\AndroidManifest.xml:48:17-48
	android:configChanges
		ADDED from BeijingNews\BaiduMapsApiDemo\AndroidManifest.xml:47:17-67
	android:name
		ADDED from BeijingNews\BaiduMapsApiDemo\AndroidManifest.xml:46:17-48
intent-filter#android.intent.action.MAIN+android.intent.category.LAUNCHER
ADDED from BeijingNews\BaiduMapsApiDemo\AndroidManifest.xml:50:13-54:29
action#android.intent.action.MAIN
ADDED from BeijingNews\BaiduMapsApiDemo\AndroidManifest.xml:51:17-69
	android:name
		ADDED from BeijingNews\BaiduMapsApiDemo\AndroidManifest.xml:51:25-66
category#android.intent.category.LAUNCHER
ADDED from BeijingNews\BaiduMapsApiDemo\AndroidManifest.xml:53:17-77
	android:name
		ADDED from BeijingNews\BaiduMapsApiDemo\AndroidManifest.xml:53:27-74
activity#baidumapsdk.demo.map.BaseMapDemo
ADDED from BeijingNews\BaiduMapsApiDemo\AndroidManifest.xml:56:9-61:20
	android:screenOrientation
		ADDED from BeijingNews\BaiduMapsApiDemo\AndroidManifest.xml:60:17-53
	android:label
		ADDED from BeijingNews\BaiduMapsApiDemo\AndroidManifest.xml:59:17-58
	android:configChanges
		ADDED from BeijingNews\BaiduMapsApiDemo\AndroidManifest.xml:58:17-67
	android:name
		ADDED from BeijingNews\BaiduMapsApiDemo\AndroidManifest.xml:57:17-48
activity#baidumapsdk.demo.map.MapFragmentDemo
ADDED from BeijingNews\BaiduMapsApiDemo\AndroidManifest.xml:62:9-67:20
	android:screenOrientation
		ADDED from BeijingNews\BaiduMapsApiDemo\AndroidManifest.xml:66:17-53
	android:label
		ADDED from BeijingNews\BaiduMapsApiDemo\AndroidManifest.xml:65:17-63
	android:configChanges
		ADDED from BeijingNews\BaiduMapsApiDemo\AndroidManifest.xml:64:17-67
	android:name
		ADDED from BeijingNews\BaiduMapsApiDemo\AndroidManifest.xml:63:17-52
activity#baidumapsdk.demo.map.MultiMapViewDemo
ADDED from BeijingNews\BaiduMapsApiDemo\AndroidManifest.xml:68:9-73:20
	android:screenOrientation
		ADDED from BeijingNews\BaiduMapsApiDemo\AndroidManifest.xml:72:17-53
	android:label
		ADDED from BeijingNews\BaiduMapsApiDemo\AndroidManifest.xml:71:17-59
	android:configChanges
		ADDED from BeijingNews\BaiduMapsApiDemo\AndroidManifest.xml:70:17-67
	android:name
		ADDED from BeijingNews\BaiduMapsApiDemo\AndroidManifest.xml:69:17-53
activity#baidumapsdk.demo.map.GeometryDemo
ADDED from BeijingNews\BaiduMapsApiDemo\AndroidManifest.xml:74:9-79:20
	android:screenOrientation
		ADDED from BeijingNews\BaiduMapsApiDemo\AndroidManifest.xml:78:17-53
	android:label
		ADDED from BeijingNews\BaiduMapsApiDemo\AndroidManifest.xml:77:17-59
	android:configChanges
		ADDED from BeijingNews\BaiduMapsApiDemo\AndroidManifest.xml:76:17-67
	android:name
		ADDED from BeijingNews\BaiduMapsApiDemo\AndroidManifest.xml:75:17-49
activity#baidumapsdk.demo.radar.RadarDemo
ADDED from BeijingNews\BaiduMapsApiDemo\AndroidManifest.xml:80:9-85:20
	android:screenOrientation
		ADDED from BeijingNews\BaiduMapsApiDemo\AndroidManifest.xml:84:17-53
	android:label
		ADDED from BeijingNews\BaiduMapsApiDemo\AndroidManifest.xml:83:17-56
	android:configChanges
		ADDED from BeijingNews\BaiduMapsApiDemo\AndroidManifest.xml:82:17-67
	android:name
		ADDED from BeijingNews\BaiduMapsApiDemo\AndroidManifest.xml:81:17-48
activity#baidumapsdk.demo.map.FavoriteDemo
ADDED from BeijingNews\BaiduMapsApiDemo\AndroidManifest.xml:86:9-91:20
	android:screenOrientation
		ADDED from BeijingNews\BaiduMapsApiDemo\AndroidManifest.xml:90:17-53
	android:label
		ADDED from BeijingNews\BaiduMapsApiDemo\AndroidManifest.xml:89:17-59
	android:configChanges
		ADDED from BeijingNews\BaiduMapsApiDemo\AndroidManifest.xml:88:17-67
	android:name
		ADDED from BeijingNews\BaiduMapsApiDemo\AndroidManifest.xml:87:17-49
activity#baidumapsdk.demo.map.LocationDemo
ADDED from BeijingNews\BaiduMapsApiDemo\AndroidManifest.xml:92:9-97:20
	android:screenOrientation
		ADDED from BeijingNews\BaiduMapsApiDemo\AndroidManifest.xml:96:17-53
	android:label
		ADDED from BeijingNews\BaiduMapsApiDemo\AndroidManifest.xml:95:17-59
	android:configChanges
		ADDED from BeijingNews\BaiduMapsApiDemo\AndroidManifest.xml:94:17-67
	android:name
		ADDED from BeijingNews\BaiduMapsApiDemo\AndroidManifest.xml:93:17-49
activity#baidumapsdk.demo.map.MapControlDemo
ADDED from BeijingNews\BaiduMapsApiDemo\AndroidManifest.xml:98:9-103:20
	android:screenOrientation
		ADDED from BeijingNews\BaiduMapsApiDemo\AndroidManifest.xml:102:17-53
	android:label
		ADDED from BeijingNews\BaiduMapsApiDemo\AndroidManifest.xml:101:17-58
	android:configChanges
		ADDED from BeijingNews\BaiduMapsApiDemo\AndroidManifest.xml:100:17-67
	android:name
		ADDED from BeijingNews\BaiduMapsApiDemo\AndroidManifest.xml:99:17-51
activity#baidumapsdk.demo.map.UISettingDemo
ADDED from BeijingNews\BaiduMapsApiDemo\AndroidManifest.xml:104:9-109:20
	android:screenOrientation
		ADDED from BeijingNews\BaiduMapsApiDemo\AndroidManifest.xml:108:17-53
	android:label
		ADDED from BeijingNews\BaiduMapsApiDemo\AndroidManifest.xml:107:17-53
	android:configChanges
		ADDED from BeijingNews\BaiduMapsApiDemo\AndroidManifest.xml:106:17-67
	android:name
		ADDED from BeijingNews\BaiduMapsApiDemo\AndroidManifest.xml:105:17-50
activity#baidumapsdk.demo.map.LayersDemo
ADDED from BeijingNews\BaiduMapsApiDemo\AndroidManifest.xml:110:9-115:20
	android:screenOrientation
		ADDED from BeijingNews\BaiduMapsApiDemo\AndroidManifest.xml:114:17-53
	android:label
		ADDED from BeijingNews\BaiduMapsApiDemo\AndroidManifest.xml:113:17-57
	android:configChanges
		ADDED from BeijingNews\BaiduMapsApiDemo\AndroidManifest.xml:112:17-67
	android:name
		ADDED from BeijingNews\BaiduMapsApiDemo\AndroidManifest.xml:111:17-47
activity#baidumapsdk.demo.map.OverlayDemo
ADDED from BeijingNews\BaiduMapsApiDemo\AndroidManifest.xml:116:9-121:20
	android:screenOrientation
		ADDED from BeijingNews\BaiduMapsApiDemo\AndroidManifest.xml:120:17-53
	android:label
		ADDED from BeijingNews\BaiduMapsApiDemo\AndroidManifest.xml:119:17-58
	android:configChanges
		ADDED from BeijingNews\BaiduMapsApiDemo\AndroidManifest.xml:118:17-67
	android:name
		ADDED from BeijingNews\BaiduMapsApiDemo\AndroidManifest.xml:117:17-48
activity#baidumapsdk.demo.map.OfflineDemo
ADDED from BeijingNews\BaiduMapsApiDemo\AndroidManifest.xml:122:9-127:20
	android:screenOrientation
		ADDED from BeijingNews\BaiduMapsApiDemo\AndroidManifest.xml:126:17-53
	android:label
		ADDED from BeijingNews\BaiduMapsApiDemo\AndroidManifest.xml:125:17-58
	android:configChanges
		ADDED from BeijingNews\BaiduMapsApiDemo\AndroidManifest.xml:124:17-67
	android:name
		ADDED from BeijingNews\BaiduMapsApiDemo\AndroidManifest.xml:123:17-48
activity#baidumapsdk.demo.search.PoiSearchDemo
ADDED from BeijingNews\BaiduMapsApiDemo\AndroidManifest.xml:128:9-133:20
	android:screenOrientation
		ADDED from BeijingNews\BaiduMapsApiDemo\AndroidManifest.xml:132:17-53
	android:label
		ADDED from BeijingNews\BaiduMapsApiDemo\AndroidManifest.xml:131:17-54
	android:configChanges
		ADDED from BeijingNews\BaiduMapsApiDemo\AndroidManifest.xml:130:17-67
	android:name
		ADDED from BeijingNews\BaiduMapsApiDemo\AndroidManifest.xml:129:17-53
activity#baidumapsdk.demo.search.RoutePlanDemo
ADDED from BeijingNews\BaiduMapsApiDemo\AndroidManifest.xml:134:9-139:20
	android:screenOrientation
		ADDED from BeijingNews\BaiduMapsApiDemo\AndroidManifest.xml:138:17-53
	android:label
		ADDED from BeijingNews\BaiduMapsApiDemo\AndroidManifest.xml:137:17-56
	android:configChanges
		ADDED from BeijingNews\BaiduMapsApiDemo\AndroidManifest.xml:136:17-67
	android:name
		ADDED from BeijingNews\BaiduMapsApiDemo\AndroidManifest.xml:135:17-53
activity#baidumapsdk.demo.search.GeoCoderDemo
ADDED from BeijingNews\BaiduMapsApiDemo\AndroidManifest.xml:140:9-145:20
	android:screenOrientation
		ADDED from BeijingNews\BaiduMapsApiDemo\AndroidManifest.xml:144:17-53
	android:label
		ADDED from BeijingNews\BaiduMapsApiDemo\AndroidManifest.xml:143:17-58
	android:configChanges
		ADDED from BeijingNews\BaiduMapsApiDemo\AndroidManifest.xml:142:17-67
	android:name
		ADDED from BeijingNews\BaiduMapsApiDemo\AndroidManifest.xml:141:17-52
activity#baidumapsdk.demo.search.BusLineSearchDemo
ADDED from BeijingNews\BaiduMapsApiDemo\AndroidManifest.xml:146:9-151:20
	android:screenOrientation
		ADDED from BeijingNews\BaiduMapsApiDemo\AndroidManifest.xml:150:17-53
	android:label
		ADDED from BeijingNews\BaiduMapsApiDemo\AndroidManifest.xml:149:17-54
	android:configChanges
		ADDED from BeijingNews\BaiduMapsApiDemo\AndroidManifest.xml:148:17-67
	android:name
		ADDED from BeijingNews\BaiduMapsApiDemo\AndroidManifest.xml:147:17-57
activity#baidumapsdk.demo.map.HeatMapDemo
ADDED from BeijingNews\BaiduMapsApiDemo\AndroidManifest.xml:152:9-157:20
	android:screenOrientation
		ADDED from BeijingNews\BaiduMapsApiDemo\AndroidManifest.xml:156:17-53
	android:label
		ADDED from BeijingNews\BaiduMapsApiDemo\AndroidManifest.xml:155:17-58
	android:configChanges
		ADDED from BeijingNews\BaiduMapsApiDemo\AndroidManifest.xml:154:17-67
	android:name
		ADDED from BeijingNews\BaiduMapsApiDemo\AndroidManifest.xml:153:17-48
activity#baidumapsdk.demo.search.ShareDemo
ADDED from BeijingNews\BaiduMapsApiDemo\AndroidManifest.xml:158:9-163:20
	android:screenOrientation
		ADDED from BeijingNews\BaiduMapsApiDemo\AndroidManifest.xml:162:17-53
	android:label
		ADDED from BeijingNews\BaiduMapsApiDemo\AndroidManifest.xml:161:17-56
	android:configChanges
		ADDED from BeijingNews\BaiduMapsApiDemo\AndroidManifest.xml:160:17-67
	android:name
		ADDED from BeijingNews\BaiduMapsApiDemo\AndroidManifest.xml:159:17-49
activity#baidumapsdk.demo.search.ShareDemoActivity
ADDED from BeijingNews\BaiduMapsApiDemo\AndroidManifest.xml:164:9-169:20
	android:screenOrientation
		ADDED from BeijingNews\BaiduMapsApiDemo\AndroidManifest.xml:168:17-53
	android:label
		ADDED from BeijingNews\BaiduMapsApiDemo\AndroidManifest.xml:167:17-56
	android:configChanges
		ADDED from BeijingNews\BaiduMapsApiDemo\AndroidManifest.xml:166:17-67
	android:name
		ADDED from BeijingNews\BaiduMapsApiDemo\AndroidManifest.xml:165:17-57
activity#baidumapsdk.demo.util.OpenBaiduMap
ADDED from BeijingNews\BaiduMapsApiDemo\AndroidManifest.xml:170:9-175:20
	android:screenOrientation
		ADDED from BeijingNews\BaiduMapsApiDemo\AndroidManifest.xml:174:17-53
	android:label
		ADDED from BeijingNews\BaiduMapsApiDemo\AndroidManifest.xml:173:17-64
	android:configChanges
		ADDED from BeijingNews\BaiduMapsApiDemo\AndroidManifest.xml:172:17-67
	android:name
		ADDED from BeijingNews\BaiduMapsApiDemo\AndroidManifest.xml:171:17-50
activity#baidumapsdk.demo.cloud.CloudSearchActivity
ADDED from BeijingNews\BaiduMapsApiDemo\AndroidManifest.xml:176:9-181:20
	android:screenOrientation
		ADDED from BeijingNews\BaiduMapsApiDemo\AndroidManifest.xml:180:17-53
	android:label
		ADDED from BeijingNews\BaiduMapsApiDemo\AndroidManifest.xml:179:17-56
	android:configChanges
		ADDED from BeijingNews\BaiduMapsApiDemo\AndroidManifest.xml:178:17-67
	android:name
		ADDED from BeijingNews\BaiduMapsApiDemo\AndroidManifest.xml:177:17-58
activity#baidumapsdk.demo.cloud.CloudSearchDemo
ADDED from BeijingNews\BaiduMapsApiDemo\AndroidManifest.xml:182:9-187:20
	android:screenOrientation
		ADDED from BeijingNews\BaiduMapsApiDemo\AndroidManifest.xml:186:17-53
	android:label
		ADDED from BeijingNews\BaiduMapsApiDemo\AndroidManifest.xml:185:17-73
	android:configChanges
		ADDED from BeijingNews\BaiduMapsApiDemo\AndroidManifest.xml:184:17-67
	android:name
		ADDED from BeijingNews\BaiduMapsApiDemo\AndroidManifest.xml:183:17-54
activity#baidumapsdk.demo.map.OpenglDemo
ADDED from BeijingNews\BaiduMapsApiDemo\AndroidManifest.xml:188:9-193:20
	android:screenOrientation
		ADDED from BeijingNews\BaiduMapsApiDemo\AndroidManifest.xml:192:17-53
	android:label
		ADDED from BeijingNews\BaiduMapsApiDemo\AndroidManifest.xml:191:17-57
	android:configChanges
		ADDED from BeijingNews\BaiduMapsApiDemo\AndroidManifest.xml:190:17-67
	android:name
		ADDED from BeijingNews\BaiduMapsApiDemo\AndroidManifest.xml:189:17-47
activity#baidumapsdk.demo.map.TextureMapViewDemo
ADDED from BeijingNews\BaiduMapsApiDemo\AndroidManifest.xml:194:9-199:20
	android:screenOrientation
		ADDED from BeijingNews\BaiduMapsApiDemo\AndroidManifest.xml:196:17-53
	android:label
		ADDED from BeijingNews\BaiduMapsApiDemo\AndroidManifest.xml:198:17-65
	android:configChanges
		ADDED from BeijingNews\BaiduMapsApiDemo\AndroidManifest.xml:197:17-67
	android:name
		ADDED from BeijingNews\BaiduMapsApiDemo\AndroidManifest.xml:195:17-55
activity#baidumapsdk.demo.map.TileOverlayDemo
ADDED from BeijingNews\BaiduMapsApiDemo\AndroidManifest.xml:200:9-205:20
	android:screenOrientation
		ADDED from BeijingNews\BaiduMapsApiDemo\AndroidManifest.xml:204:17-53
	android:label
		ADDED from BeijingNews\BaiduMapsApiDemo\AndroidManifest.xml:203:17-62
	android:configChanges
		ADDED from BeijingNews\BaiduMapsApiDemo\AndroidManifest.xml:202:17-67
	android:name
		ADDED from BeijingNews\BaiduMapsApiDemo\AndroidManifest.xml:201:17-52
service#com.baidu.location.f
ADDED from BeijingNews\BaiduMapsApiDemo\AndroidManifest.xml:207:9-211:19
	android:process
		ADDED from BeijingNews\BaiduMapsApiDemo\AndroidManifest.xml:210:17-42
	android:enabled
		ADDED from BeijingNews\BaiduMapsApiDemo\AndroidManifest.xml:209:17-39
	android:name
		ADDED from BeijingNews\BaiduMapsApiDemo\AndroidManifest.xml:208:17-52
activity#baidumapsdk.demo.map.MarkerClusterDemo
ADDED from BeijingNews\BaiduMapsApiDemo\AndroidManifest.xml:213:9-218:20
	android:screenOrientation
		ADDED from BeijingNews\BaiduMapsApiDemo\AndroidManifest.xml:217:17-53
	android:label
		ADDED from BeijingNews\BaiduMapsApiDemo\AndroidManifest.xml:216:17-75
	android:configChanges
		ADDED from BeijingNews\BaiduMapsApiDemo\AndroidManifest.xml:215:17-67
	android:name
		ADDED from BeijingNews\BaiduMapsApiDemo\AndroidManifest.xml:214:17-54
activity#baidumapsdk.demo.search.DistrictSearchDemo
ADDED from BeijingNews\BaiduMapsApiDemo\AndroidManifest.xml:220:9-225:20
	android:screenOrientation
		ADDED from BeijingNews\BaiduMapsApiDemo\AndroidManifest.xml:224:17-53
	android:label
		ADDED from BeijingNews\BaiduMapsApiDemo\AndroidManifest.xml:223:17-64
	android:configChanges
		ADDED from BeijingNews\BaiduMapsApiDemo\AndroidManifest.xml:222:17-67
	android:name
		ADDED from BeijingNews\BaiduMapsApiDemo\AndroidManifest.xml:221:17-58
activity#baidumapsdk.demo.map.IndoorMapDemo
ADDED from BeijingNews\BaiduMapsApiDemo\AndroidManifest.xml:226:9-231:20
	android:screenOrientation
		ADDED from BeijingNews\BaiduMapsApiDemo\AndroidManifest.xml:229:17-53
	android:label
		ADDED from BeijingNews\BaiduMapsApiDemo\AndroidManifest.xml:230:17-57
	android:configChanges
		ADDED from BeijingNews\BaiduMapsApiDemo\AndroidManifest.xml:228:17-67
	android:name
		ADDED from BeijingNews\BaiduMapsApiDemo\AndroidManifest.xml:227:17-50
activity#baidumapsdk.demo.search.IndoorSearchDemo
ADDED from BeijingNews\BaiduMapsApiDemo\AndroidManifest.xml:232:9-237:20
	android:screenOrientation
		ADDED from BeijingNews\BaiduMapsApiDemo\AndroidManifest.xml:235:17-53
	android:label
		ADDED from BeijingNews\BaiduMapsApiDemo\AndroidManifest.xml:236:17-57
	android:configChanges
		ADDED from BeijingNews\BaiduMapsApiDemo\AndroidManifest.xml:234:17-67
	android:name
		ADDED from BeijingNews\BaiduMapsApiDemo\AndroidManifest.xml:233:17-56